[www.ethemes.com/demo/Dale/index.html]
[backblue.gif]
[fade.gif]
[index.html]
[www.ethemes.com/demo/Dale/images/design/transparent.png]
[ethemes.com/demo/Dale/images/blank.d.delayed]
[ethemes.com/demo/Dale/videos/CameraLens/CameraLens.f.delayed]
[www.ethemes.com/demo/Dale/videos/CameraLens/CameraLens.mp4]
[www.ethemes.com/demo/Dale/videos/CameraLens/CameraLens.webm]
[www.ethemes.com/demo/Dale/videos/CameraLens/CameraLens.ogv]
[www.ethemes.com/demo/Dale/index-2.html]
[www.ethemes.com/demo/Dale/images/logo.jpg]
[www.ethemes.com/demo/Dale/about.html]
[www.ethemes.com/demo/Dale/contact.html]
[www.ethemes.com/demo/Dale/blog.html]
[www.ethemes.com/demo/Dale/single.html]
[www.ethemes.com/demo/Dale/footer-alternate.html]
[www.ethemes.com/demo/Dale/images/citydown.jpg]
[www.ethemes.com/demo/Dale/images/oceanscene.jpg]
[www.ethemes.com/demo/Dale/portfolio-1.html]
[www.ethemes.com/demo/Dale/videos/RecordPlayer/poster.jpg]
[www.ethemes.com/demo/Dale/videos/RecordPlayer/RecordPlayer.mp4]
[www.ethemes.com/demo/Dale/videos/RecordPlayer/RecordPlayer.webm]
[www.ethemes.com/demo/Dale/videos/RecordPlayer/RecordPlayer.ogv]
[www.ethemes.com/demo/Dale/images/blog-image-2.jpg]
[www.ethemes.com/demo/Dale/images/gallary1.jpg]
[www.ethemes.com/demo/Dale/images/gallary3.jpg]
[www.ethemes.com/demo/Dale/images/gallary2.jpg]
[www.ethemes.com/demo/Dale/images/gallary5.jpg]
[www.ethemes.com/demo/Dale/images/gallary4.jpg]
[www.ethemes.com/demo/Dale/images/gallary6.jpg]
[www.ethemes.com/demo/Dale/images/gallary7.jpg]
[www.ethemes.com/demo/Dale/images/gallary8.jpg]
[ethemes.com/demo/Dale/images/design/blank.2b.delayed]
[www.ethemes.com/demo/Dale/images/team1.jpg]
[www.ethemes.com/demo/Dale/images/team2.jpg]
[www.ethemes.com/demo/Dale/images/team4.jpg]
[www.ethemes.com/demo/Dale/images/team3.jpg]
[www.ethemes.com/demo/Dale/images/logo-light.png]
[www.ethemes.com/demo/Dale/js/jquery-1.11.0.min.js]
[www.ethemes.com/demo/Dale/js/jquery.easing.1.3.js]
[www.ethemes.com/demo/Dale/js/bootstrap.min.js]
[www.ethemes.com/demo/Dale/js/masterslider.min.js]
[www.ethemes.com/demo/Dale/js/masterslider.staff.carousel.dev.js]
[www.ethemes.com/demo/Dale/js/wow.min.js]
[www.ethemes.com/demo/Dale/js/waypoints.min.js]
[www.ethemes.com/demo/Dale/js/underscore-min.js]
[www.ethemes.com/demo/Dale/js/jquery.backstretch.min.js]
[www.ethemes.com/demo/Dale/js/jquery.animation.js]
[www.ethemes.com/demo/Dale/js/jquery.isotope.min.js]
[www.ethemes.com/demo/Dale/js/jquery.stellar.min.js]
[www.ethemes.com/demo/Dale/js/jquery.contact.min.js]
[www.ethemes.com/demo/Dale/js/jquery.nicescroll.min.js]
[www.ethemes.com/demo/Dale/js/retina-1.1.0.min.js]
[www.ethemes.com/demo/Dale/js/jquery.nivo.slider.pack.js]
[www.ethemes.com/demo/Dale/js/video.js]
[www.ethemes.com/demo/Dale/js/owl.carousel.min.js]
[www.ethemes.com/demo/Dale/js/jquery.twitterfeed.js]
[www.ethemes.com/demo/Dale/js/lightbox.min.js]
[www.ethemes.com/demo/Dale/js/custom.js]
[img1.wsimg.com/tcc/tcc_l.combined.1.0.6.min.js]
[www.ethemes.com/demo/Dale/index.html]
[www.ethemes.com/demo/Dale/fonts/glyphicons-halflings-regular.eot]
[www.ethemes.com/demo/Dale/fonts/glyphicons-halflings-regular.woff]
[www.ethemes.com/demo/Dale/fonts/glyphicons-halflings-regulard41d.eot]
[www.ethemes.com/demo/Dale/fonts/glyphicons-halflings-regular.ttf]
[www.ethemes.com/demo/Dale/css/bootstrap.css]
[www.ethemes.com/demo/Dale/images/design/preload.gif]
[www.ethemes.com/demo/Dale/images/design/mac.png]
[www.ethemes.com/demo/Dale/images/design/shadows-lg.png]
[www.ethemes.com/demo/Dale/images/design/section-shadows-lg.png]
[www.ethemes.com/demo/Dale/images/bg-cityscape.jpg]
[www.ethemes.com/demo/Dale/images/bg-blur-rock.jpg]
[www.ethemes.com/demo/Dale/images/bg-footer.jpg]
[www.ethemes.com/demo/Dale/images/bg-mountain-water.jpg]
[www.ethemes.com/demo/Dale/images/bg-car-water.jpg]
[www.ethemes.com/demo/Dale/images/slug-buildings.jpg]
[www.ethemes.com/demo/Dale/images/slug-curb.jpg]
[www.ethemes.com/demo/Dale/images/slug-laptop.jpg]
[www.ethemes.com/demo/Dale/images/slug-locks.jpg]
[www.ethemes.com/demo/Dale/images/slug-walk.jpg]
[www.ethemes.com/demo/Dale/images/design/mac-md.png]
[www.ethemes.com/demo/Dale/css/style.css]
[ethemes.com/demo/Dale/css/masterslider/loading-2.5b.delayed]
[ethemes.com/demo/Dale/css/masterslider/grab.5d.delayed]
[ethemes.com/demo/Dale/css/masterslider/grabbing.5f.delayed]
[www.ethemes.com/demo/Dale/css/masterslider/masterslider.css]
[www.ethemes.com/demo/Dale/css/masterslider/skins/black-1/black-skin-1.png]
[www.ethemes.com/demo/Dale/css/masterslider/skins/black-1/black-skin-1-retina.png]
[www.ethemes.com/demo/Dale/css/masterslider/skins/black-1/style.css]
[www.ethemes.com/demo/Dale/fonts/fontawesome-webfont862f.eot]
[www.ethemes.com/demo/Dale/fonts/fontawesome-webfontd41d.eot]
[www.ethemes.com/demo/Dale/fonts/fontawesome-webfont862f.woff]
[www.ethemes.com/demo/Dale/fonts/fontawesome-webfont862f.ttf]
[www.ethemes.com/demo/Dale/css/font-awesome.min.css]
[www.ethemes.com/demo/Dale/css/animate.css]
[www.ethemes.com/demo/Dale/css/nivo-slider.css]
[www.ethemes.com/demo/Dale/css/isotope.css]
[ethemes.com/demo/Dale/css/grabbing.6a.delayed]
[www.ethemes.com/demo/Dale/css/owl.carousel.css]
[www.ethemes.com/demo/Dale/css/owl.transitions.css]
[www.ethemes.com/demo/Dale/images/design/close.png]
[www.ethemes.com/demo/Dale/images/design/loading.gif]
[www.ethemes.com/demo/Dale/images/design/prev.png]
[www.ethemes.com/demo/Dale/images/design/next.png]
[www.ethemes.com/demo/Dale/css/lightbox.css]
[ethemes.com/demo/Dale/images/blank.html]
[ethemes.com/demo/Dale/videos/CameraLens/CameraLens.html]
[www.ethemes.com/demo/Dale/videos/CameraLens/CameraLens.mp4]
[www.ethemes.com/demo/Dale/index-2.html]
[www.ethemes.com/demo/Dale/videos/CameraLens/CameraLens.ogv]
[www.ethemes.com/demo/Dale/images/testimonial.jpg]
[www.ethemes.com/demo/Dale/js/countUp.min.js]
[www.ethemes.com/demo/Dale/js/jquery.easypiechart.min.js]
[www.ethemes.com/demo/Dale/about.html]
[www.ethemes.com/demo/Dale/js/gmap3.js]
[www.ethemes.com/demo/Dale/contact.html]
[www.ethemes.com/demo/Dale/images/blog-image-3.jpg]
[www.ethemes.com/demo/Dale/images/blog-image-1.jpg]
[www.ethemes.com/demo/Dale/images/blog-thumbnail-1.jpg]
[www.ethemes.com/demo/Dale/images/blog-thumbnail-2.jpg]
[www.ethemes.com/demo/Dale/images/blog-thumbnail-3.jpg]
[www.ethemes.com/demo/Dale/blog.html]
[www.ethemes.com/demo/Dale/images/blog-author-example.jpg]
[www.ethemes.com/demo/Dale/single.html]
[www.ethemes.com/demo/Dale/images/foot-logo.png]
[www.ethemes.com/demo/Dale/footer-alternate.html]
[www.ethemes.com/demo/Dale/portfolio-1.html]
[ethemes.com/demo/Dale/images/design/blank.html]
[img1.wsimg.com/tcc/tcc_l.combined.1.0.6.min.js]
[www.ethemes.com/demo/Dale/fonts/glyphicons-halflings-regular.svg]
[ethemes.com/demo/Dale/css/masterslider/loading-2.html]
[ethemes.com/demo/Dale/css/masterslider/grab.html]
[ethemes.com/demo/Dale/css/masterslider/grabbing.html]
[www.ethemes.com/demo/Dale/videos/RecordPlayer/RecordPlayer.webm]
[www.ethemes.com/demo/Dale/fonts/fontawesome-webfont862f.svg]
[ethemes.com/demo/Dale/css/grabbing.html]
[www.ethemes.com/demo/Dale/videos/CameraLens/CameraLens.ogv]
[www.ethemes.com/demo/Dale/videos/CameraLens/CameraLens.mp4]
